<?xml version="1.0" encoding="UTF-8"?>
<robot generator="Robot 5.0.1 (Python 3.11.0 on win32)" generated="20230430 00:57:44.423" rpa="false" schemaversion="3">
<suite id="s1" name="Web Demo tests" source="C:\Data\Python\RobotDemo\Tests\Web\Web_Demo.robot">
<kw name="Open browser to application" type="SETUP">
<kw name="Set Selenium Speed" library="SeleniumLibrary">
<arg>1s</arg>
<doc>Sets the delay that is waited after each Selenium command.</doc>
<status status="PASS" starttime="20230430 00:57:45.178" endtime="20230430 00:57:45.178"/>
</kw>
<kw name="Open Browser" library="SeleniumLibrary">
<arg>${LOGIN URL}</arg>
<arg>${BROWSER}</arg>
<doc>Opens a new browser instance to the optional ``url``.</doc>
<msg timestamp="20230430 00:57:45.179" level="INFO">Opening browser 'Chrome' to base url 'https://automationplayground.com/crm/'.</msg>
<status status="PASS" starttime="20230430 00:57:45.179" endtime="20230430 00:57:50.068"/>
</kw>
<kw name="Maximize Browser Window" library="SeleniumLibrary">
<doc>Maximizes current browser window.</doc>
<status status="PASS" starttime="20230430 00:57:50.068" endtime="20230430 00:57:51.197"/>
</kw>
<kw name="Title Should Be" library="SeleniumLibrary">
<arg>Customer Service</arg>
<doc>Verifies that the current page title equals ``title``.</doc>
<msg timestamp="20230430 00:57:52.203" level="INFO">Page title is 'Customer Service'.</msg>
<status status="PASS" starttime="20230430 00:57:51.197" endtime="20230430 00:57:52.203"/>
</kw>
<status status="PASS" starttime="20230430 00:57:45.178" endtime="20230430 00:57:52.203"/>
</kw>
<test id="s1-t1" name="Valid Login" line="30">
<kw name="Go to login page" type="SETUP">
<kw name="Click Element" library="SeleniumLibrary">
<arg>${SIGN IN LINK}</arg>
<doc>Click the element identified by ``locator``.</doc>
<msg timestamp="20230430 00:57:52.205" level="INFO">Clicking element 'id:SignIn'.</msg>
<status status="PASS" starttime="20230430 00:57:52.205" endtime="20230430 00:57:54.484"/>
</kw>
<kw name="Title Should Be" library="SeleniumLibrary">
<arg>Customer Service - Login</arg>
<doc>Verifies that the current page title equals ``title``.</doc>
<msg timestamp="20230430 00:57:55.490" level="INFO">Page title is 'Customer Service - Login'.</msg>
<status status="PASS" starttime="20230430 00:57:54.484" endtime="20230430 00:57:55.490"/>
</kw>
<status status="PASS" starttime="20230430 00:57:52.204" endtime="20230430 00:57:55.490"/>
</kw>
<kw name="Input Username">
<arg>${TEST USER NAME}</arg>
<kw name="Input Text" library="SeleniumLibrary">
<arg>${USERNAME_FIELD}</arg>
<arg>${username}</arg>
<doc>Types the given ``text`` into the text field identified by ``locator``.</doc>
<msg timestamp="20230430 00:57:55.491" level="INFO">Typing text 'test@qa.com' into text field 'id:email-id'.</msg>
<status status="PASS" starttime="20230430 00:57:55.491" endtime="20230430 00:57:58.580"/>
</kw>
<status status="PASS" starttime="20230430 00:57:55.490" endtime="20230430 00:57:58.580"/>
</kw>
<kw name="Input Password">
<arg>${TEST PASSWORD}</arg>
<kw name="Input Text" library="SeleniumLibrary">
<arg>${PASSWORD_FIELD}</arg>
<arg>${password}</arg>
<doc>Types the given ``text`` into the text field identified by ``locator``.</doc>
<msg timestamp="20230430 00:57:58.581" level="INFO">Typing text 'test_password' into text field 'id:password'.</msg>
<status status="PASS" starttime="20230430 00:57:58.581" endtime="20230430 00:58:01.670"/>
</kw>
<status status="PASS" starttime="20230430 00:57:58.581" endtime="20230430 00:58:01.670"/>
</kw>
<kw name="Submit Credentials">
<kw name="Click Button" library="SeleniumLibrary">
<arg>${SUBMIT_BUTTON}</arg>
<doc>Clicks the button identified by ``locator``.</doc>
<msg timestamp="20230430 00:58:01.671" level="INFO">Clicking button 'xpath://button[@id="submit-id"]'.</msg>
<status status="PASS" starttime="20230430 00:58:01.671" endtime="20230430 00:58:07.402"/>
</kw>
<status status="PASS" starttime="20230430 00:58:01.671" endtime="20230430 00:58:07.402"/>
</kw>
<kw name="Customers page should be open">
<kw name="Title Should Be" library="SeleniumLibrary">
<arg>My Customers</arg>
<doc>Verifies that the current page title equals ``title``.</doc>
<msg timestamp="20230430 00:58:09.553" level="INFO" html="true">&lt;/td&gt;&lt;/tr&gt;&lt;tr&gt;&lt;td colspan="3"&gt;&lt;a href="selenium-screenshot-3.png"&gt;&lt;img src="selenium-screenshot-3.png" width="800px"&gt;&lt;/a&gt;</msg>
<msg timestamp="20230430 00:58:09.554" level="FAIL">Title should have been 'My Customers' but was 'Customers'.</msg>
<status status="FAIL" starttime="20230430 00:58:07.403" endtime="20230430 00:58:09.556"/>
</kw>
<kw name="Page Should Contain" library="SeleniumLibrary">
<arg>Our Happy Customers</arg>
<doc>Verifies that current page contains ``text``.</doc>
<status status="NOT RUN" starttime="20230430 00:58:09.557" endtime="20230430 00:58:09.557"/>
</kw>
<status status="FAIL" starttime="20230430 00:58:07.402" endtime="20230430 00:58:09.557"/>
</kw>
<kw name="Sign out" type="TEARDOWN">
<kw name="Click Element" library="SeleniumLibrary">
<arg>${SIGN OUT LINK}</arg>
<doc>Click the element identified by ``locator``.</doc>
<msg timestamp="20230430 00:58:09.558" level="INFO">Clicking element 'link:Sign Out'.</msg>
<status status="PASS" starttime="20230430 00:58:09.558" endtime="20230430 00:58:11.821"/>
</kw>
<kw name="Page Should Contain" library="SeleniumLibrary">
<arg>Signed Out</arg>
<doc>Verifies that current page contains ``text``.</doc>
<msg timestamp="20230430 00:58:13.837" level="INFO">Current page contains text 'Signed Out'.</msg>
<status status="PASS" starttime="20230430 00:58:11.821" endtime="20230430 00:58:13.837"/>
</kw>
<kw name="Page Should Contain" library="SeleniumLibrary">
<arg>Thank you for using the CRM. See you next time!</arg>
<doc>Verifies that current page contains ``text``.</doc>
<msg timestamp="20230430 00:58:15.852" level="INFO">Current page contains text 'Thank you for using the CRM. See you next time!'.</msg>
<status status="PASS" starttime="20230430 00:58:13.837" endtime="20230430 00:58:15.852"/>
</kw>
<status status="PASS" starttime="20230430 00:58:09.558" endtime="20230430 00:58:15.852"/>
</kw>
<status status="FAIL" starttime="20230430 00:57:52.203" endtime="20230430 00:58:15.853">Title should have been 'My Customers' but was 'Customers'.</status>
</test>
<kw name="Close Browser" library="SeleniumLibrary" type="TEARDOWN">
<doc>Closes the current browser.</doc>
<status status="PASS" starttime="20230430 00:58:15.855" endtime="20230430 00:58:18.919"/>
</kw>
<doc>Simple example using SeleniumLibrary.</doc>
<status status="FAIL" starttime="20230430 00:57:44.425" endtime="20230430 00:58:18.919"/>
</suite>
<statistics>
<total>
<stat pass="0" fail="1" skip="0">All Tests</stat>
</total>
<tag>
</tag>
<suite>
<stat pass="0" fail="1" skip="0" id="s1" name="Web Demo tests">Web Demo tests</stat>
</suite>
</statistics>
<errors>
</errors>
</robot>
