<?xml version="1.0" encoding="UTF-8"?>
<robot generator="Robot 5.0.1 (Python 3.11.0 on win32)" generated="20230426 20:50:18.673" rpa="false" schemaversion="3">
<suite id="s1" name="Web Demo tests" source="C:\Data\Python\RobotDemo\Tests\Web\Web_Demo.robot">
<test id="s1-t1" name="Valid Login" line="14">
<kw name="Open Browser To Login Page">
<kw name="Open Browser" library="SeleniumLibrary">
<arg>${LOGIN URL}</arg>
<arg>${BROWSER}</arg>
<doc>Opens a new browser instance to the optional ``url``.</doc>
<msg timestamp="20230426 20:50:18.924" level="INFO">Opening browser 'Chrome' to base url 'https://automationplayground.com/crm/'.</msg>
<status status="PASS" starttime="20230426 20:50:18.924" endtime="20230426 20:50:21.503"/>
</kw>
<kw name="Title Should Be" library="SeleniumLibrary">
<arg>Customer Service</arg>
<doc>Verifies that the current page title equals ``title``.</doc>
<msg timestamp="20230426 20:50:21.507" level="INFO">Page title is 'Customer Service'.</msg>
<status status="PASS" starttime="20230426 20:50:21.503" endtime="20230426 20:50:21.507"/>
</kw>
<status status="PASS" starttime="20230426 20:50:18.924" endtime="20230426 20:50:21.508"/>
</kw>
<status status="PASS" starttime="20230426 20:50:18.923" endtime="20230426 20:50:21.508"/>
</test>
<doc>Simple example using SeleniumLibrary.</doc>
<status status="PASS" starttime="20230426 20:50:18.676" endtime="20230426 20:50:21.510"/>
</suite>
<statistics>
<total>
<stat pass="1" fail="0" skip="0">All Tests</stat>
</total>
<tag>
</tag>
<suite>
<stat pass="1" fail="0" skip="0" id="s1" name="Web Demo tests">Web Demo tests</stat>
</suite>
</statistics>
<errors>
</errors>
</robot>
